<?xml version="1.0" encoding="UTF-8"?>
<testsuite name="TestSuite" time="329.086" tests="9" errors="0" skipped="6" failures="2">
  <properties>
[...]
</properties>
  <testcase name="loginTest" classname="com.iNetBankingV1.testCases.TC_LoginTest_001" time="4.105"/>
  <testcase name="SetUp" classname="com.iNetBankingV1.testCases.TC_LoginTestDataDriven_001" time="306.118">
    <failure message="timeout: Timed out receiving message from renderer: 293.415&#10;  (Session info: chrome=83.0.4103.116)&#10;Build info: version: &apos;3.141.59&apos;, revision: &apos;e82be7d358&apos;, time: &apos;2018-11-14T08:17:03&apos;&#10;System info: host: &apos;SLB-F2NLRF2&apos;, ip: &apos;192.168.43.200&apos;, os.name: &apos;Windows 10&apos;, os.arch: &apos;amd64&apos;, os.version: &apos;10.0&apos;, java.version: &apos;12&apos;&#10;Driver info: org.openqa.selenium.chrome.ChromeDriver&#10;Capabilities {acceptInsecureCerts: false, browserName: chrome, browserVersion: 83.0.4103.116, chrome: {chromedriverVersion: 83.0.4103.39 (ccbf011cb2d2b..., userDataDir: C:\Users\HDeore\AppData\Loc...}, goog:chromeOptions: {debuggerAddress: localhost:51989}, javascriptEnabled: true, networkConnectionEnabled: false, pageLoadStrategy: normal, platform: WINDOWS, platformName: WINDOWS, proxy: Proxy(), setWindowRect: true, strictFileInteractability: false, timeouts: {implicit: 0, pageLoad: 300000, script: 30000}, unhandledPromptBehavior: dismiss and notify, webauthn:virtualAuthenticators: true}&#10;Session ID: 8cdc06b0234e0aafb9d8d0f5287358af" type="org.openqa.selenium.TimeoutException">org.openqa.selenium.TimeoutException: timeout: Timed out receiving message from renderer: 293.415
  (Session info: chrome=83.0.4103.116)
Build info: version: '3.141.59', revision: 'e82be7d358', time: '2018-11-14T08:17:03'
System info: host: 'SLB-F2NLRF2', ip: '192.168.43.200', os.name: 'Windows 10', os.arch: 'amd64', os.version: '10.0', java.version: '12'
Driver info: org.openqa.selenium.chrome.ChromeDriver
Capabilities {acceptInsecureCerts: false, browserName: chrome, browserVersion: 83.0.4103.116, chrome: {chromedriverVersion: 83.0.4103.39 (ccbf011cb2d2b..., userDataDir: C:\Users\HDeore\AppData\Loc...}, goog:chromeOptions: {debuggerAddress: localhost:51989}, javascriptEnabled: true, networkConnectionEnabled: false, pageLoadStrategy: normal, platform: WINDOWS, platformName: WINDOWS, proxy: Proxy(), setWindowRect: true, strictFileInteractability: false, timeouts: {implicit: 0, pageLoad: 300000, script: 30000}, unhandledPromptBehavior: dismiss and notify, webauthn:virtualAuthenticators: true}
Session ID: 8cdc06b0234e0aafb9d8d0f5287358af
	at java.base/jdk.internal.reflect.NativeConstructorAccessorImpl.newInstance0(Native Method)
	at java.base/jdk.internal.reflect.NativeConstructorAccessorImpl.newInstance(NativeConstructorAccessorImpl.java:62)
	at java.base/jdk.internal.reflect.DelegatingConstructorAccessorImpl.newInstance(DelegatingConstructorAccessorImpl.java:45)
	at java.base/java.lang.reflect.Constructor.newInstanceWithCaller(Constructor.java:500)
	at java.base/java.lang.reflect.Constructor.newInstance(Constructor.java:481)
	at org.openqa.selenium.remote.http.W3CHttpResponseCodec.createException(W3CHttpResponseCodec.java:187)
	at org.openqa.selenium.remote.http.W3CHttpResponseCodec.decode(W3CHttpResponseCodec.java:122)
	at org.openqa.selenium.remote.http.W3CHttpResponseCodec.decode(W3CHttpResponseCodec.java:49)
	at org.openqa.selenium.remote.HttpCommandExecutor.execute(HttpCommandExecutor.java:158)
	at org.openqa.selenium.remote.service.DriverCommandExecutor.execute(DriverCommandExecutor.java:83)
	at org.openqa.selenium.remote.RemoteWebDriver.execute(RemoteWebDriver.java:552)
	at org.openqa.selenium.remote.RemoteWebDriver.get(RemoteWebDriver.java:277)
	at com.iNetBankingV1.testCases.BaseClass.SetUp(BaseClass.java:65)
	at java.base/jdk.internal.reflect.NativeMethodAccessorImpl.invoke0(Native Method)
	at java.base/jdk.internal.reflect.NativeMethodAccessorImpl.invoke(NativeMethodAccessorImpl.java:62)
	at java.base/jdk.internal.reflect.DelegatingMethodAccessorImpl.invoke(DelegatingMethodAccessorImpl.java:43)
	at java.base/java.lang.reflect.Method.invoke(Method.java:567)
	at org.testng.internal.MethodInvocationHelper.invokeMethod(MethodInvocationHelper.java:134)
	at org.testng.internal.MethodInvocationHelper.invokeMethodConsideringTimeout(MethodInvocationHelper.java:63)
	at org.testng.internal.ConfigInvoker.invokeConfigurationMethod(ConfigInvoker.java:348)
	at org.testng.internal.ConfigInvoker.invokeConfigurations(ConfigInvoker.java:302)
	at org.testng.internal.TestMethodWorker.invokeBeforeClassMethods(TestMethodWorker.java:176)
	at org.testng.internal.TestMethodWorker.run(TestMethodWorker.java:122)
	at java.base/java.util.ArrayList.forEach(ArrayList.java:1540)
	at org.testng.TestRunner.privateRun(TestRunner.java:766)
	at org.testng.TestRunner.run(TestRunner.java:587)
	at org.testng.SuiteRunner.runTest(SuiteRunner.java:384)
	at org.testng.SuiteRunner.runSequentially(SuiteRunner.java:378)
	at org.testng.SuiteRunner.privateRun(SuiteRunner.java:337)
	at org.testng.SuiteRunner.run(SuiteRunner.java:286)
	at org.testng.SuiteRunnerWorker.runSuite(SuiteRunnerWorker.java:53)
	at org.testng.SuiteRunnerWorker.run(SuiteRunnerWorker.java:96)
	at org.testng.TestNG.runSuitesSequentially(TestNG.java:1187)
	at org.testng.TestNG.runSuitesLocally(TestNG.java:1109)
	at org.testng.TestNG.runSuites(TestNG.java:1039)
	at org.testng.TestNG.run(TestNG.java:1007)
	at org.apache.maven.surefire.testng.TestNGExecutor.run(TestNGExecutor.java:295)
	at org.apache.maven.surefire.testng.TestNGXmlTestSuite.execute(TestNGXmlTestSuite.java:84)
	at org.apache.maven.surefire.testng.TestNGProvider.invoke(TestNGProvider.java:90)
	at org.apache.maven.surefire.booter.ForkedBooter.invokeProviderInSameClassLoader(ForkedBooter.java:203)
	at org.apache.maven.surefire.booter.ForkedBooter.runSuitesInProcess(ForkedBooter.java:155)
	at org.apache.maven.surefire.booter.ForkedBooter.main(ForkedBooter.java:103)
</failure>
    <system-err><![CDATA[Starting ChromeDriver 83.0.4103.39 (ccbf011cb2d2b19b506d844400483861342c20cd-refs/branch-heads/4103@{#416}) on port 29374
Only local connections are allowed.
Please see https://chromedriver.chromium.org/security-considerations for suggestions on keeping ChromeDriver safe.
ChromeDriver was started successfully.
Jul 06, 2020 3:01:53 PM org.openqa.selenium.remote.ProtocolHandshake createSession
INFO: Detected dialect: W3C
[1594028213.781][SEVERE]: Timed out receiving message from renderer: 293.415
[1594028213.785][SEVERE]: Timed out receiving message from renderer: 293.415
]]></system-err>
  </testcase>
  <testcase name="LoginDDT" classname="com.iNetBankingV1.testCases.TC_LoginTestDataDriven_001" time="0">
    <skipped/>
  </testcase>
  <testcase name="LoginDDT" classname="com.iNetBankingV1.testCases.TC_LoginTestDataDriven_001" time="0">
    <skipped/>
  </testcase>
  <testcase name="LoginDDT" classname="com.iNetBankingV1.testCases.TC_LoginTestDataDriven_001" time="0">
    <skipped/>
  </testcase>
  <testcase name="LoginDDT" classname="com.iNetBankingV1.testCases.TC_LoginTestDataDriven_001" time="0">
    <skipped/>
  </testcase>
  <testcase name="LoginDDT" classname="com.iNetBankingV1.testCases.TC_LoginTestDataDriven_001" time="0">
    <skipped/>
  </testcase>
  <testcase name="tearDown" classname="com.iNetBankingV1.testCases.TC_LoginTestDataDriven_001" time="0">
    <skipped/>
  </testcase>
  <testcase name="addNewCustomer" classname="com.iNetBankingV1.testCases.TC_AddCustomerTest_002" time="18.863">
    <failure type="junit.framework.AssertionFailedError:">junit.framework.AssertionFailedError: null
	at junit.framework.Assert.fail(Assert.java:47)
	at junit.framework.Assert.assertTrue(Assert.java:20)
	at junit.framework.Assert.assertTrue(Assert.java:27)
	at com.iNetBankingV1.testCases.TC_AddCustomerTest_002.addNewCustomer(TC_AddCustomerTest_002.java:72)
</failure>
    <system-out><![CDATA[ INFO [main] (TC_AddCustomerTest_002.java:20)-  ******User Name is provided ****** 
 INFO [main] (TC_AddCustomerTest_002.java:22)-  ******Password is provided ****** 
 INFO [main] (TC_AddCustomerTest_002.java:28)-  ******Feeding Customer Data ****** 
 INFO [main] (TC_AddCustomerTest_002.java:56)- ******validation started*******
 INFO [main] (TC_AddCustomerTest_002.java:70)-  ******Obsersed Issue while Adding new Customer  ****** 
Screenshot taken
]]></system-out>
    <system-err><![CDATA[Starting ChromeDriver 83.0.4103.39 (ccbf011cb2d2b19b506d844400483861342c20cd-refs/branch-heads/4103@{#416}) on port 41918
Only local connections are allowed.
Please see https://chromedriver.chromium.org/security-considerations for suggestions on keeping ChromeDriver safe.
ChromeDriver was started successfully.
Jul 06, 2020 3:06:55 PM org.openqa.selenium.remote.ProtocolHandshake createSession
INFO: Detected dialect: W3C
]]></system-err>
  </testcase>
</testsuite>